[13/Oct/2017 13:53:24] "GET / HTTP/1.1" 200 949
[13/Oct/2017 13:53:25] "GET /static/js/script.js HTTP/1.1" 404 1653
[13/Oct/2017 13:53:52] "GET / HTTP/1.1" 200 981
[13/Oct/2017 13:53:52] "GET /static/js/script.js HTTP/1.1" 404 1653
[13/Oct/2017 13:57:41] "GET / HTTP/1.1" 200 949
[13/Oct/2017 13:57:41] "GET /static/css/style.css HTTP/1.1" 304 0
[13/Oct/2017 13:57:41] "GET /static/js/script.js HTTP/1.1" 404 1653
[13/Oct/2017 13:58:43] "GET / HTTP/1.1" 200 949
[13/Oct/2017 13:58:43] "GET /static/js/script.js HTTP/1.1" 404 1653
[13/Oct/2017 13:58:45] "GET / HTTP/1.1" 200 949
[13/Oct/2017 13:58:46] "GET /static/js/script.js HTTP/1.1" 404 1653
[13/Oct/2017 13:59:19] "GET / HTTP/1.1" 200 949
[13/Oct/2017 13:59:19] "GET /static/js/script.js HTTP/1.1" 404 1653
[13/Oct/2017 14:14:07] "GET / HTTP/1.1" 200 949
[13/Oct/2017 14:14:08] "GET /static/css/style.css HTTP/1.1" 200 190
[13/Oct/2017 14:14:08] "GET /static/js/script.js HTTP/1.1" 404 1653
[13/Oct/2017 14:14:11] "GET / HTTP/1.1" 200 949
[13/Oct/2017 14:14:11] "GET /static/js/script.js HTTP/1.1" 404 1653
[13/Oct/2017 14:14:12] "GET / HTTP/1.1" 200 949
[13/Oct/2017 14:14:12] "GET /static/js/script.js HTTP/1.1" 404 1653
[13/Oct/2017 14:16:23] "GET / HTTP/1.1" 200 949
[13/Oct/2017 14:16:23] "GET /static/css/style.css HTTP/1.1" 200 188
[13/Oct/2017 14:16:23] "GET /static/js/script.js HTTP/1.1" 404 1653
[13/Oct/2017 14:16:24] "GET / HTTP/1.1" 200 949
[13/Oct/2017 14:16:24] "GET /static/css/style.css HTTP/1.1" 304 0
[13/Oct/2017 14:16:24] "GET /static/js/script.js HTTP/1.1" 404 1653
[13/Oct/2017 14:16:34] "GET / HTTP/1.1" 200 949
[13/Oct/2017 14:16:34] "GET /static/js/script.js HTTP/1.1" 404 1653
[13/Oct/2017 14:16:34] "GET /static/css/style.css HTTP/1.1" 200 190
[13/Oct/2017 14:16:47] "GET / HTTP/1.1" 200 949
[13/Oct/2017 14:16:47] "GET /static/js/script.js HTTP/1.1" 404 1653
[13/Oct/2017 14:16:47] "GET /static/css/style.css HTTP/1.1" 200 190
[13/Oct/2017 14:17:11] "GET / HTTP/1.1" 200 949
[13/Oct/2017 14:17:12] "GET /static/css/style.css HTTP/1.1" 200 0
[13/Oct/2017 14:17:12] "GET /static/js/script.js HTTP/1.1" 404 1653
[13/Oct/2017 14:17:12] "GET /static/js/script.js HTTP/1.1" 404 1653
[13/Oct/2017 14:17:13] "GET / HTTP/1.1" 200 949
[13/Oct/2017 14:17:14] "GET /static/css/style.css HTTP/1.1" 304 0
[13/Oct/2017 14:17:14] "GET /static/js/script.js HTTP/1.1" 404 1653
[13/Oct/2017 14:17:35] "GET / HTTP/1.1" 200 964
[13/Oct/2017 14:17:36] "GET /static/css/style.css HTTP/1.1" 304 0
[13/Oct/2017 14:17:36] "GET /static/js/script.js HTTP/1.1" 404 1653
[13/Oct/2017 14:17:52] "GET / HTTP/1.1" 200 964
[13/Oct/2017 14:17:53] "GET /static/css/style.css HTTP/1.1" 304 0
[13/Oct/2017 14:17:53] "GET /static/js/script.js HTTP/1.1" 404 1653
[13/Oct/2017 14:18:46] "GET / HTTP/1.1" 200 966
[13/Oct/2017 14:18:47] "GET /static/css/style.css HTTP/1.1" 304 0
[13/Oct/2017 14:18:47] "GET /static/js/script.js HTTP/1.1" 404 1653
[13/Oct/2017 14:18:58] "GET / HTTP/1.1" 200 981
[13/Oct/2017 14:18:58] "GET /static/css/style.css HTTP/1.1" 304 0
[13/Oct/2017 14:18:58] "GET /static/js/script.js HTTP/1.1" 404 1653
[13/Oct/2017 14:20:31] "GET / HTTP/1.1" 200 949
[13/Oct/2017 14:20:31] "GET /static/js/script.js HTTP/1.1" 404 1653
[13/Oct/2017 14:20:31] "GET /static/css/style.css HTTP/1.1" 200 41
[13/Oct/2017 14:21:20] "GET / HTTP/1.1" 200 949
[13/Oct/2017 14:21:20] "GET /static/css/style.css HTTP/1.1" 200 80
[13/Oct/2017 14:21:21] "GET /static/js/script.js HTTP/1.1" 404 1653
[13/Oct/2017 14:21:40] "GET / HTTP/1.1" 200 949
[13/Oct/2017 14:21:41] "GET /static/css/style.css HTTP/1.1" 200 77
[13/Oct/2017 14:21:41] "GET /static/js/script.js HTTP/1.1" 404 1653
[13/Oct/2017 14:22:18] "GET / HTTP/1.1" 200 949
[13/Oct/2017 14:22:18] "GET /static/css/style.css HTTP/1.1" 200 104
[13/Oct/2017 14:22:18] "GET /static/js/script.js HTTP/1.1" 404 1653
[13/Oct/2017 14:22:19] "GET /static/js/script.js HTTP/1.1" 404 1653
[13/Oct/2017 14:22:51] "GET / HTTP/1.1" 200 964
[13/Oct/2017 14:22:51] "GET /static/css/style.css HTTP/1.1" 200 104
[13/Oct/2017 14:22:51] "GET /static/js/script.js HTTP/1.1" 404 1653
[13/Oct/2017 18:26:00] "GET / HTTP/1.1" 200 949
[13/Oct/2017 18:26:01] "GET /static/css/style.css HTTP/1.1" 304 0
[13/Oct/2017 18:26:01] "GET /static/js/script.js HTTP/1.1" 404 1653
[13/Oct/2017 18:30:40] "GET / HTTP/1.1" 200 949
[13/Oct/2017 18:30:40] "GET /static/js/script.js HTTP/1.1" 200 1249
[13/Oct/2017 18:33:14] "GET / HTTP/1.1" 200 949
[13/Oct/2017 18:33:14] "GET /static/js/script.js HTTP/1.1" 200 1299
[13/Oct/2017 18:34:02] "GET / HTTP/1.1" 200 949
[13/Oct/2017 18:34:02] "GET /static/js/script.js HTTP/1.1" 200 1327
[13/Oct/2017 18:34:04] "GET / HTTP/1.1" 200 949
[13/Oct/2017 18:34:05] "GET /static/js/script.js HTTP/1.1" 304 0
[13/Oct/2017 18:34:06] "GET / HTTP/1.1" 200 949
[13/Oct/2017 18:34:07] "GET /static/js/script.js HTTP/1.1" 304 0
[13/Oct/2017 18:39:50] "GET /admin/ HTTP/1.1" 200 2804
[13/Oct/2017 18:39:50] "GET /static/admin/css/dashboard.css HTTP/1.1" 200 412
[13/Oct/2017 18:39:51] "GET /static/admin/img/icon-changelink.svg HTTP/1.1" 200 380
[13/Oct/2017 18:39:51] "GET /static/admin/img/icon-addlink.svg HTTP/1.1" 200 331
[13/Oct/2017 18:39:51] "GET /static/admin/fonts/Roboto-Bold-webfont.woff HTTP/1.1" 200 82564
